#
# There is insufficient memory for the Java Runtime Environment to continue.
# Native memory allocation (malloc) failed to allocate 916656 bytes for Chunk::new
# Possible reasons:
#   The system is out of physical RAM or swap space
#   In 32 bit mode, the process size limit was hit
# Possible solutions:
#   Reduce memory load on the system
#   Increase physical memory or swap space
#   Check if swap backing store is full
#   Use 64 bit Java on a 64 bit OS
#   Decrease Java heap size (-Xmx/-Xms)
#   Decrease number of Java threads
#   Decrease Java thread stack sizes (-Xss)
#   Set larger code cache with -XX:ReservedCodeCacheSize=
# This output file may be truncated or incomplete.
#
#  Out of Memory Error (allocation.cpp:390), pid=24100, tid=0x0000000000005f74
#
# JRE version: Java(TM) SE Runtime Environment (8.0_191-b12) (build 1.8.0_191-b12)
# Java VM: Java HotSpot(TM) 64-Bit Server VM (25.191-b12 mixed mode windows-amd64 compressed oops)
# Failed to write core dump. Minidumps are not enabled by default on client versions of Windows
#

---------------  T H R E A D  ---------------

Current thread (0x000000001e481000):  JavaThread "C2 CompilerThread2" daemon [_thread_in_native, id=24436, stack(0x000000001ef60000,0x000000001f060000)]

Stack: [0x000000001ef60000,0x000000001f060000]
[error occurred during error reporting (printing stack bounds), id 0xc0000005]

Native frames: (J=compiled Java code, j=interpreted, Vv=VM code, C=native code)


Current CompileTask:
C2:  12033 5876       4       org.springframework.beans.factory.support.AbstractBeanFactory::isTypeMatch (607 bytes)


---------------  P R O C E S S  ---------------

Java Threads: ( => current thread )
  0x00000000285c0800 JavaThread "container-1" [_thread_blocked, id=19952, stack(0x000000002bd90000,0x000000002be90000)]
  0x00000000285bf800 JavaThread "Catalina-utility-2" [_thread_blocked, id=24368, stack(0x000000002bc90000,0x000000002bd90000)]
  0x00000000285b7800 JavaThread "Catalina-utility-1" [_thread_blocked, id=24316, stack(0x0000000029dc0000,0x0000000029ec0000)]
  0x00000000285bd800 JavaThread "http-nio-auto-1-Acceptor" daemon [_thread_in_native, id=17152, stack(0x000000002bb90000,0x000000002bc90000)]
  0x00000000285bc000 JavaThread "http-nio-auto-1-ClientPoller" daemon [_thread_in_native, id=12396, stack(0x000000002ba90000,0x000000002bb90000)]
  0x00000000285bc800 JavaThread "http-nio-auto-1-exec-10" daemon [_thread_blocked, id=24556, stack(0x000000002b990000,0x000000002ba90000)]
  0x00000000285b4800 JavaThread "http-nio-auto-1-exec-9" daemon [_thread_blocked, id=24552, stack(0x000000002b890000,0x000000002b990000)]
  0x00000000285bb000 JavaThread "http-nio-auto-1-exec-8" daemon [_thread_blocked, id=24572, stack(0x000000002b790000,0x000000002b890000)]
  0x00000000285b3800 JavaThread "http-nio-auto-1-exec-7" daemon [_thread_blocked, id=384, stack(0x000000002b690000,0x000000002b790000)]
  0x00000000285b6000 JavaThread "http-nio-auto-1-exec-6" daemon [_thread_blocked, id=23656, stack(0x000000002a5b0000,0x000000002a6b0000)]
  0x00000000285b9800 JavaThread "http-nio-auto-1-exec-5" daemon [_thread_blocked, id=23568, stack(0x000000002a4b0000,0x000000002a5b0000)]
  0x00000000285ba800 JavaThread "http-nio-auto-1-exec-4" daemon [_thread_blocked, id=24488, stack(0x000000002a3b0000,0x000000002a4b0000)]
  0x00000000285b9000 JavaThread "http-nio-auto-1-exec-3" daemon [_thread_blocked, id=20464, stack(0x000000002a2b0000,0x000000002a3b0000)]
  0x00000000285b8000 JavaThread "http-nio-auto-1-exec-2" daemon [_thread_blocked, id=23580, stack(0x0000000029f20000,0x000000002a020000)]
  0x00000000285b5000 JavaThread "http-nio-auto-1-exec-1" daemon [_thread_blocked, id=23576, stack(0x00000000272b0000,0x00000000273b0000)]
  0x00000000285b6800 JavaThread "http-nio-auto-1-BlockPoller" daemon [_thread_in_native, id=3888, stack(0x0000000022760000,0x0000000022860000)]
  0x000000002398a000 JavaThread "container-0" [_thread_blocked, id=14848, stack(0x0000000027d80000,0x0000000027e80000)]
  0x0000000023985800 JavaThread "Catalina-utility-2" [_thread_blocked, id=8124, stack(0x0000000027c80000,0x0000000027d80000)]
  0x0000000023989800 JavaThread "Catalina-utility-1" [_thread_blocked, id=23080, stack(0x0000000022fd0000,0x00000000230d0000)]
  0x0000000023988800 JavaThread "HikariPool-1 housekeeper" daemon [_thread_blocked, id=22680, stack(0x0000000021d00000,0x0000000021e00000)]
  0x000000001e67d000 JavaThread "surefire-forkedjvm-ping-30s" daemon [_thread_blocked, id=20104, stack(0x000000001f460000,0x000000001f560000)]
  0x000000001e604000 JavaThread "surefire-forkedjvm-command-thread" daemon [_thread_in_native, id=20580, stack(0x000000001f360000,0x000000001f460000)]
  0x000000001e51e800 JavaThread "Service Thread" daemon [_thread_blocked, id=19480, stack(0x000000001f160000,0x000000001f260000)]
  0x000000001e496000 JavaThread "C1 CompilerThread3" daemon [_thread_blocked, id=8048, stack(0x000000001f060000,0x000000001f160000)]
=>0x000000001e481000 JavaThread "C2 CompilerThread2" daemon [_thread_in_native, id=24436, stack(0x000000001ef60000,0x000000001f060000)]
  0x000000001e47c000 JavaThread "C2 CompilerThread1" daemon [_thread_in_native, id=23660, stack(0x000000001ee60000,0x000000001ef60000)]
  0x000000001e47a000 JavaThread "C2 CompilerThread0" daemon [_thread_in_native, id=24020, stack(0x000000001ed60000,0x000000001ee60000)]
  0x000000001e478800 JavaThread "Attach Listener" daemon [_thread_blocked, id=24444, stack(0x000000001ec60000,0x000000001ed60000)]
  0x000000001e486000 JavaThread "Signal Dispatcher" daemon [_thread_blocked, id=24420, stack(0x000000001eb60000,0x000000001ec60000)]
  0x000000001e470800 JavaThread "Finalizer" daemon [_thread_blocked, id=24424, stack(0x000000001e950000,0x000000001ea50000)]
  0x000000001c66d800 JavaThread "Reference Handler" daemon [_thread_blocked, id=24428, stack(0x000000001e850000,0x000000001e950000)]
  0x0000000002c2e000 JavaThread "main" [_thread_in_vm, id=23516, stack(0x0000000002c80000,0x0000000002d80000)]

Other Threads:
  0x000000001c669000 VMThread [stack: 0x000000001e350000,0x000000001e450000] [id=24440]
  0x000000001e4c9800 WatcherThread [stack: 0x000000001f260000,0x000000001f360000] [id=23784]

VM state:not at safepoint (normal execution)

VM Mutex/Monitor currently owned by a thread: None

Heap:
 PSYoungGen      total 372736K, used 349466K [0x000000076cb00000, 0x000000078af80000, 0x00000007c0000000)
  eden space 351232K, 98% used [0x000000076cb00000,0x0000000781d9c500,0x0000000782200000)
  from space 21504K, 12% used [0x0000000782200000,0x00000007824aa348,0x0000000783700000)
  to   space 21504K, 0% used [0x0000000789a80000,0x0000000789a80000,0x000000078af80000)
 ParOldGen       total 186368K, used 42708K [0x00000006c6000000, 0x00000006d1600000, 0x000000076cb00000)
  object space 186368K, 22% used [0x00000006c6000000,0x00000006c89b53c0,0x00000006d1600000)
 Metaspace       used 69311K, capacity 73524K, committed 73856K, reserved 1112064K
  class space    used 9521K, capacity 10274K, committed 10368K, reserved 1048576K

Card table byte_map: [0x0000000012240000,0x0000000012a20000] byte_map_base: 0x000000000ec10000

Marking Bits: (ParMarkBitMap*) 0x0000000077b23e30
 Begin Bits: [0x0000000013760000, 0x00000000175e0000)
 End Bits:   [0x00000000175e0000, 0x000000001b460000)

Polling page: 0x0000000002c40000

CodeCache: size=245760Kb used=19714Kb max_used=19783Kb free=226045Kb
 bounds [0x0000000002e80000, 0x00000000041f0000, 0x0000000011e80000]
 total_blobs=5686 nmethods=5120 adapters=477
 compilation: enabled

Compilation events (10 events):
Event: 11.911 Thread 0x000000001e496000 5947   !   2       nonapi.io.github.classgraph.fastzipfilereader.LogicalZipFile::getManifestValue (331 bytes)
Event: 11.913 Thread 0x000000001e496000 nmethod 5947 0x00000000041d7290 code [0x00000000041d74a0, 0x00000000041d8188]
Event: 11.918 Thread 0x000000001e496000 5948       1       java.util.concurrent.atomic.AtomicInteger::decrementAndGet (14 bytes)
Event: 11.918 Thread 0x000000001e496000 nmethod 5948 0x00000000041d8c50 code [0x00000000041d8da0, 0x00000000041d8eb0]
Event: 11.925 Thread 0x000000001e496000 5949   !   3       nonapi.io.github.classgraph.concurrency.WorkQueue::runWorkLoop (127 bytes)
Event: 11.927 Thread 0x000000001e496000 nmethod 5949 0x00000000041d92d0 code [0x00000000041d9600, 0x00000000041dafc8]
Event: 11.955 Thread 0x000000001e496000 5951   !   3       java.util.concurrent.LinkedBlockingQueue::take (93 bytes)
Event: 11.957 Thread 0x000000001e496000 nmethod 5951 0x00000000041dbed0 code [0x00000000041dc1c0, 0x00000000041dd878]
Event: 11.975 Thread 0x000000001e496000 5953       1       java.nio.DirectByteBuffer::cleaner (5 bytes)
Event: 11.975 Thread 0x000000001e496000 nmethod 5953 0x00000000041de690 code [0x00000000041de7e0, 0x00000000041de8f0]

GC Heap History (10 events):
Event: 5.049 GC heap before
{Heap before GC invocations=10 (full 2):
 PSYoungGen      total 162816K, used 150016K [0x000000076cb00000, 0x000000077e980000, 0x00000007c0000000)
  eden space 150016K, 100% used [0x000000076cb00000,0x0000000775d80000,0x0000000775d80000)
  from space 12800K, 0% used [0x0000000775d80000,0x0000000775d80000,0x0000000776a00000)
  to   space 12288K, 0% used [0x000000077dd80000,0x000000077dd80000,0x000000077e980000)
 ParOldGen       total 131072K, used 11764K [0x00000006c6000000, 0x00000006ce000000, 0x000000076cb00000)
  object space 131072K, 8% used [0x00000006c6000000,0x00000006c6b7d1b0,0x00000006ce000000)
 Metaspace       used 37991K, capacity 40730K, committed 40960K, reserved 1085440K
  class space    used 5099K, capacity 5581K, committed 5632K, reserved 1048576K
Event: 5.055 GC heap after
Heap after GC invocations=10 (full 2):
 PSYoungGen      total 264192K, used 7301K [0x000000076cb00000, 0x000000077e500000, 0x00000007c0000000)
  eden space 256512K, 0% used [0x000000076cb00000,0x000000076cb00000,0x000000077c580000)
  from space 7680K, 95% used [0x000000077dd80000,0x000000077e4a1488,0x000000077e500000)
  to   space 12288K, 0% used [0x000000077cd00000,0x000000077cd00000,0x000000077d900000)
 ParOldGen       total 131072K, used 11772K [0x00000006c6000000, 0x00000006ce000000, 0x000000076cb00000)
  object space 131072K, 8% used [0x00000006c6000000,0x00000006c6b7f1b0,0x00000006ce000000)
 Metaspace       used 37991K, capacity 40730K, committed 40960K, reserved 1085440K
  class space    used 5099K, capacity 5581K, committed 5632K, reserved 1048576K
}
Event: 7.304 GC heap before
{Heap before GC invocations=11 (full 2):
 PSYoungGen      total 264192K, used 226100K [0x000000076cb00000, 0x000000077e500000, 0x00000007c0000000)
  eden space 256512K, 85% used [0x000000076cb00000,0x000000077a0abb78,0x000000077c580000)
  from space 7680K, 95% used [0x000000077dd80000,0x000000077e4a1488,0x000000077e500000)
  to   space 12288K, 0% used [0x000000077cd00000,0x000000077cd00000,0x000000077d900000)
 ParOldGen       total 131072K, used 11772K [0x00000006c6000000, 0x00000006ce000000, 0x000000076cb00000)
  object space 131072K, 8% used [0x00000006c6000000,0x00000006c6b7f1b0,0x00000006ce000000)
 Metaspace       used 55997K, capacity 59056K, committed 59160K, reserved 1099776K
  class space    used 7759K, capacity 8306K, committed 8320K, reserved 1048576K
Event: 7.324 GC heap after
Heap after GC invocations=11 (full 2):
 PSYoungGen      total 276480K, used 12284K [0x000000076cb00000, 0x0000000784c00000, 0x00000007c0000000)
  eden space 264192K, 0% used [0x000000076cb00000,0x000000076cb00000,0x000000077cd00000)
  from space 12288K, 99% used [0x000000077cd00000,0x000000077d8ff020,0x000000077d900000)
  to   space 17920K, 0% used [0x0000000783a80000,0x0000000783a80000,0x0000000784c00000)
 ParOldGen       total 131072K, used 22589K [0x00000006c6000000, 0x00000006ce000000, 0x000000076cb00000)
  object space 131072K, 17% used [0x00000006c6000000,0x00000006c760f680,0x00000006ce000000)
 Metaspace       used 55997K, capacity 59056K, committed 59160K, reserved 1099776K
  class space    used 7759K, capacity 8306K, committed 8320K, reserved 1048576K
}
Event: 7.324 GC heap before
{Heap before GC invocations=12 (full 3):
 PSYoungGen      total 276480K, used 12284K [0x000000076cb00000, 0x0000000784c00000, 0x00000007c0000000)
  eden space 264192K, 0% used [0x000000076cb00000,0x000000076cb00000,0x000000077cd00000)
  from space 12288K, 99% used [0x000000077cd00000,0x000000077d8ff020,0x000000077d900000)
  to   space 17920K, 0% used [0x0000000783a80000,0x0000000783a80000,0x0000000784c00000)
 ParOldGen       total 131072K, used 22589K [0x00000006c6000000, 0x00000006ce000000, 0x000000076cb00000)
  object space 131072K, 17% used [0x00000006c6000000,0x00000006c760f680,0x00000006ce000000)
 Metaspace       used 55997K, capacity 59056K, committed 59160K, reserved 1099776K
  class space    used 7759K, capacity 8306K, committed 8320K, reserved 1048576K
Event: 7.461 GC heap after
Heap after GC invocations=12 (full 3):
 PSYoungGen      total 276480K, used 0K [0x000000076cb00000, 0x0000000784c00000, 0x00000007c0000000)
  eden space 264192K, 0% used [0x000000076cb00000,0x000000076cb00000,0x000000077cd00000)
  from space 12288K, 0% used [0x000000077cd00000,0x000000077cd00000,0x000000077d900000)
  to   space 17920K, 0% used [0x0000000783a80000,0x0000000783a80000,0x0000000784c00000)
 ParOldGen       total 186368K, used 33080K [0x00000006c6000000, 0x00000006d1600000, 0x000000076cb00000)
  object space 186368K, 17% used [0x00000006c6000000,0x00000006c804e2a0,0x00000006d1600000)
 Metaspace       used 55997K, capacity 59056K, committed 59160K, reserved 1099776K
  class space    used 7759K, capacity 8306K, committed 8320K, reserved 1048576K
}
Event: 8.913 GC heap before
{Heap before GC invocations=13 (full 3):
 PSYoungGen      total 276480K, used 264192K [0x000000076cb00000, 0x0000000784c00000, 0x00000007c0000000)
  eden space 264192K, 100% used [0x000000076cb00000,0x000000077cd00000,0x000000077cd00000)
  from space 12288K, 0% used [0x000000077cd00000,0x000000077cd00000,0x000000077d900000)
  to   space 17920K, 0% used [0x0000000783a80000,0x0000000783a80000,0x0000000784c00000)
 ParOldGen       total 186368K, used 33080K [0x00000006c6000000, 0x00000006d1600000, 0x000000076cb00000)
  object space 186368K, 17% used [0x00000006c6000000,0x00000006c804e2a0,0x00000006d1600000)
 Metaspace       used 62431K, capacity 66276K, committed 66432K, reserved 1105920K
  class space    used 8642K, capacity 9294K, committed 9344K, reserved 1048576K
Event: 8.929 GC heap after
Heap after GC invocations=13 (full 3):
 PSYoungGen      total 367616K, used 17905K [0x000000076cb00000, 0x0000000784c00000, 0x00000007c0000000)
  eden space 349696K, 0% used [0x000000076cb00000,0x000000076cb00000,0x0000000782080000)
  from space 17920K, 99% used [0x0000000783a80000,0x0000000784bfc618,0x0000000784c00000)
  to   space 21504K, 0% used [0x0000000782200000,0x0000000782200000,0x0000000783700000)
 ParOldGen       total 186368K, used 36364K [0x00000006c6000000, 0x00000006d1600000, 0x000000076cb00000)
  object space 186368K, 19% used [0x00000006c6000000,0x00000006c8383370,0x00000006d1600000)
 Metaspace       used 62431K, capacity 66276K, committed 66432K, reserved 1105920K
  class space    used 8642K, capacity 9294K, committed 9344K, reserved 1048576K
}
Event: 9.976 GC heap before
{Heap before GC invocations=14 (full 3):
 PSYoungGen      total 367616K, used 367601K [0x000000076cb00000, 0x0000000784c00000, 0x00000007c0000000)
  eden space 349696K, 100% used [0x000000076cb00000,0x0000000782080000,0x0000000782080000)
  from space 17920K, 99% used [0x0000000783a80000,0x0000000784bfc618,0x0000000784c00000)
  to   space 21504K, 0% used [0x0000000782200000,0x0000000782200000,0x0000000783700000)
 ParOldGen       total 186368K, used 36364K [0x00000006c6000000, 0x00000006d1600000, 0x000000076cb00000)
  object space 186368K, 19% used [0x00000006c6000000,0x00000006c8383370,0x00000006d1600000)
 Metaspace       used 63857K, capacity 67726K, committed 67840K, reserved 1107968K
  class space    used 8798K, capacity 9469K, committed 9472K, reserved 1048576K
Event: 9.985 GC heap after
Heap after GC invocations=14 (full 3):
 PSYoungGen      total 372736K, used 2728K [0x000000076cb00000, 0x000000078af80000, 0x00000007c0000000)
  eden space 351232K, 0% used [0x000000076cb00000,0x000000076cb00000,0x0000000782200000)
  from space 21504K, 12% used [0x0000000782200000,0x00000007824aa348,0x0000000783700000)
  to   space 21504K, 0% used [0x0000000789a80000,0x0000000789a80000,0x000000078af80000)
 ParOldGen       total 186368K, used 42708K [0x00000006c6000000, 0x00000006d1600000, 0x000000076cb00000)
  object space 186368K, 22% used [0x00000006c6000000,0x00000006c89b53c0,0x00000006d1600000)
 Metaspace       used 63857K, capacity 67726K, committed 67840K, reserved 1107968K
  class space    used 8798K, capacity 9469K, committed 9472K, reserved 1048576K
}

Deoptimization events (10 events):
Event: 11.701 Thread 0x0000000002c2e000 Uncommon trap: reason=bimorphic action=maybe_recompile pc=0x0000000003bb60a4 method=java.util.Hashtable.get(Ljava/lang/Object;)Ljava/lang/Object; @ 6
Event: 11.702 Thread 0x0000000002c2e000 Uncommon trap: reason=bimorphic action=maybe_recompile pc=0x0000000003bb60a4 method=java.util.Hashtable.get(Ljava/lang/Object;)Ljava/lang/Object; @ 6
Event: 11.760 Thread 0x0000000002c2e000 Uncommon trap: reason=bimorphic action=maybe_recompile pc=0x0000000004086608 method=org.springframework.core.annotation.AnnotationsScanner.processMethodInheritedAnnotations(Ljava/lang/Object;Ljava/lang/reflect/Method;Lorg/springframework/core/annotation/A
Event: 11.760 Thread 0x0000000002c2e000 Uncommon trap: reason=bimorphic action=maybe_recompile pc=0x0000000003cf6854 method=org.springframework.core.annotation.AnnotationsScanner.processMethodAnnotations(Ljava/lang/Object;ILjava/lang/reflect/Method;Lorg/springframework/core/annotation/Annotatio
Event: 11.762 Thread 0x0000000002c2e000 Uncommon trap: reason=bimorphic action=maybe_recompile pc=0x0000000004086608 method=org.springframework.core.annotation.AnnotationsScanner.processMethodInheritedAnnotations(Ljava/lang/Object;Ljava/lang/reflect/Method;Lorg/springframework/core/annotation/A
Event: 11.762 Thread 0x0000000002c2e000 Uncommon trap: reason=bimorphic action=maybe_recompile pc=0x0000000003cf6854 method=org.springframework.core.annotation.AnnotationsScanner.processMethodAnnotations(Ljava/lang/Object;ILjava/lang/reflect/Method;Lorg/springframework/core/annotation/Annotatio
Event: 11.763 Thread 0x0000000002c2e000 Uncommon trap: reason=bimorphic action=maybe_recompile pc=0x0000000004086608 method=org.springframework.core.annotation.AnnotationsScanner.processMethodInheritedAnnotations(Ljava/lang/Object;Ljava/lang/reflect/Method;Lorg/springframework/core/annotation/A
Event: 11.763 Thread 0x0000000002c2e000 Uncommon trap: reason=bimorphic action=maybe_recompile pc=0x0000000003cf6854 method=org.springframework.core.annotation.AnnotationsScanner.processMethodAnnotations(Ljava/lang/Object;ILjava/lang/reflect/Method;Lorg/springframework/core/annotation/Annotatio
Event: 11.851 Thread 0x0000000002c2e000 Uncommon trap: reason=unstable_if action=reinterpret pc=0x0000000003dd5ee0 method=org.springframework.core.annotation.AnnotationsScanner.processMethodHierarchy(Ljava/lang/Object;[ILjava/lang/Class;Lorg/springframework/core/annotation/AnnotationsProcessor;
Event: 11.851 Thread 0x0000000002c2e000 Uncommon trap: reason=unstable_if action=reinterpret pc=0x0000000003f34348 method=org.springframework.core.annotation.AnnotationsScanner.processMethodHierarchy(Ljava/lang/Object;[ILjava/lang/Class;Lorg/springframework/core/annotation/AnnotationsProcessor;

Classes redefined (0 events):
No events

Internal exceptions (10 events):
Event: 11.714 Thread 0x0000000002c2e000 Exception <a 'java/lang/ArrayStoreException'> (0x0000000779054d58) thrown at [C:\re\workspace\8-2-build-windows-amd64-cygwin\jdk8u191\11896\hotspot\src\share\vm\runtime\sharedRuntime.cpp, line 605]
Event: 11.715 Thread 0x0000000002c2e000 Exception <a 'java/lang/ArrayStoreException'> (0x00000007790790e8) thrown at [C:\re\workspace\8-2-build-windows-amd64-cygwin\jdk8u191\11896\hotspot\src\share\vm\runtime\sharedRuntime.cpp, line 605]
Event: 11.830 Thread 0x0000000002c2e000 Exception <a 'java/io/FileNotFoundException'> (0x000000077a959830) thrown at [C:\re\workspace\8-2-build-windows-amd64-cygwin\jdk8u191\11896\hotspot\src\share\vm\prims\jni.cpp, line 709]
Event: 11.854 Thread 0x0000000002c2e000 Exception <a 'java/lang/ClassNotFoundException': java/lang/ObjectCustomizer> (0x000000077ad352e0) thrown at [C:\re\workspace\8-2-build-windows-amd64-cygwin\jdk8u191\11896\hotspot\src\share\vm\classfile\systemDictionary.cpp, line 210]
Event: 11.855 Thread 0x0000000002c2e000 Exception <a 'java/lang/ClassNotFoundException': org/springframework/web/servlet/config/annotation/WebMvcConfigurationSupportCustomizer> (0x000000077ad81a58) thrown at [C:\re\workspace\8-2-build-windows-amd64-cygwin\jdk8u191\11896\hotspot\src\share\vm\cla
Event: 11.855 Thread 0x0000000002c2e000 Exception <a 'java/lang/ClassNotFoundException': org/springframework/web/servlet/config/annotation/DelegatingWebMvcConfigurationCustomizer> (0x000000077ade3158) thrown at [C:\re\workspace\8-2-build-windows-amd64-cygwin\jdk8u191\11896\hotspot\src\share\vm\
Event: 11.856 Thread 0x0000000002c2e000 Exception <a 'java/lang/ClassNotFoundException': org/springframework/context/ApplicationContextAwareCustomizer> (0x000000077ae23e68) thrown at [C:\re\workspace\8-2-build-windows-amd64-cygwin\jdk8u191\11896\hotspot\src\share\vm\classfile\systemDictionary.c
Event: 11.857 Thread 0x0000000002c2e000 Exception <a 'java/lang/ClassNotFoundException': org/springframework/beans/factory/AwareCustomizer> (0x000000077ae556d8) thrown at [C:\re\workspace\8-2-build-windows-amd64-cygwin\jdk8u191\11896\hotspot\src\share\vm\classfile\systemDictionary.cpp, line 210
Event: 11.857 Thread 0x0000000002c2e000 Exception <a 'java/lang/ClassNotFoundException': org/springframework/web/context/ServletContextAwareCustomizer> (0x000000077ae8e1e8) thrown at [C:\re\workspace\8-2-build-windows-amd64-cygwin\jdk8u191\11896\hotspot\src\share\vm\classfile\systemDictionary.c
Event: 11.857 Thread 0x0000000002c2e000 Exception <a 'java/lang/ClassNotFoundException': org/springframework/beans/factory/AwareCustomizer> (0x000000077aebf5e0) thrown at [C:\re\workspace\8-2-build-windows-amd64-cygwin\jdk8u191\11896\hotspot\src\share\vm\classfile\systemDictionary.cpp, line 210

Events (10 events):
Event: 11.976 Thread 0x0000000028278800 DEOPT PACKING pc=0x0000000003e40b6c sp=0x000000002c68e750
Event: 11.976 Thread 0x0000000028278800 DEOPT UNPACKING pc=0x0000000002ec7890 sp=0x000000002c68e740 mode 0
Event: 11.978 Thread 0x00000000285bf000 DEOPT PACKING pc=0x0000000003ed274b sp=0x000000002c18dd30
Event: 11.978 Thread 0x00000000285bf000 DEOPT UNPACKING pc=0x0000000002ec7890 sp=0x000000002c18df40 mode 0
Event: 11.979 Thread 0x00000000285c2800 DEOPT PACKING pc=0x0000000003e40e5b sp=0x000000002c08e6b0
Event: 11.979 Thread 0x00000000285c2800 DEOPT UNPACKING pc=0x0000000002ec7890 sp=0x000000002c08e6a0 mode 0
Event: 11.980 Thread 0x00000000285bf000 DEOPT PACKING pc=0x0000000003e40b6c sp=0x000000002c18e9a0
Event: 11.980 Thread 0x00000000285bf000 DEOPT UNPACKING pc=0x0000000002ec7890 sp=0x000000002c18e990 mode 0
Event: 11.982 Thread 0x00000000285c2800 DEOPT PACKING pc=0x0000000003e40b6c sp=0x000000002c08e6b0
Event: 11.982 Thread 0x00000000285c2800 DEOPT UNPACKING pc=0x0000000002ec7890 sp=0x000000002c08e6a0 mode 0


Dynamic libraries:
0x00007ff612550000 - 0x00007ff612587000 	C:\Program Files\Java\jdk1.8.0_191\jre\bin\java.exe
0x00007ffcb48f0000 - 0x00007ffcb4ae5000 	C:\WINDOWS\SYSTEM32\ntdll.dll
0x00007ffc88d20000 - 0x00007ffc88d33000 	C:\Program Files\AVG\Antivirus\aswhook.dll
0x00007ffcb4210000 - 0x00007ffcb42cd000 	C:\WINDOWS\System32\KERNEL32.DLL
0x00007ffcb2310000 - 0x00007ffcb25d8000 	C:\WINDOWS\System32\KERNELBASE.dll
0x00007ffcb3b90000 - 0x00007ffcb3c3c000 	C:\WINDOWS\System32\ADVAPI32.dll
0x00007ffcb3790000 - 0x00007ffcb382e000 	C:\WINDOWS\System32\msvcrt.dll
0x00007ffcb2950000 - 0x00007ffcb29eb000 	C:\WINDOWS\System32\sechost.dll
0x00007ffcb34b0000 - 0x00007ffcb35db000 	C:\WINDOWS\System32\RPCRT4.dll
0x00007ffcb32f0000 - 0x00007ffcb3490000 	C:\WINDOWS\System32\USER32.dll
0x00007ffcb2060000 - 0x00007ffcb2082000 	C:\WINDOWS\System32\win32u.dll
0x00007ffcb2a60000 - 0x00007ffcb2a8a000 	C:\WINDOWS\System32\GDI32.dll
0x00007ffcb2180000 - 0x00007ffcb228b000 	C:\WINDOWS\System32\gdi32full.dll
0x00007ffcb2090000 - 0x00007ffcb212d000 	C:\WINDOWS\System32\msvcp_win.dll
0x00007ffcb2850000 - 0x00007ffcb2950000 	C:\WINDOWS\System32\ucrtbase.dll
0x00007ffc9e100000 - 0x00007ffc9e39a000 	C:\WINDOWS\WinSxS\amd64_microsoft.windows.common-controls_6595b64144ccf1df_6.0.19041.844_none_ca00b6081b84eb1d\COMCTL32.dll
0x00007ffcb4880000 - 0x00007ffcb48b0000 	C:\WINDOWS\System32\IMM32.DLL
0x00000000522b0000 - 0x0000000052382000 	C:\Program Files\Java\jdk1.8.0_191\jre\bin\msvcr100.dll
0x0000000077300000 - 0x0000000077ba4000 	C:\Program Files\Java\jdk1.8.0_191\jre\bin\server\jvm.dll
0x00007ffcb3650000 - 0x00007ffcb3658000 	C:\WINDOWS\System32\PSAPI.DLL
0x00007ffc9a8d0000 - 0x00007ffc9a8d9000 	C:\WINDOWS\SYSTEM32\WSOCK32.dll
0x00007ffcaa550000 - 0x00007ffcaa55a000 	C:\WINDOWS\SYSTEM32\VERSION.dll
0x00007ffc9dd70000 - 0x00007ffc9dd97000 	C:\WINDOWS\SYSTEM32\WINMM.dll
0x00007ffcb35e0000 - 0x00007ffcb364b000 	C:\WINDOWS\System32\WS2_32.dll
0x00000000522a0000 - 0x00000000522af000 	C:\Program Files\Java\jdk1.8.0_191\jre\bin\verify.dll
0x0000000052270000 - 0x0000000052299000 	C:\Program Files\Java\jdk1.8.0_191\jre\bin\java.dll
0x0000000052250000 - 0x0000000052266000 	C:\Program Files\Java\jdk1.8.0_191\jre\bin\zip.dll
0x00007ffcb2ba0000 - 0x00007ffcb32e2000 	C:\WINDOWS\System32\SHELL32.dll
0x00007ffcafd40000 - 0x00007ffcb04d1000 	C:\WINDOWS\SYSTEM32\windows.storage.dll
0x00007ffcb3830000 - 0x00007ffcb3b85000 	C:\WINDOWS\System32\combase.dll
0x00007ffcb19d0000 - 0x00007ffcb19fc000 	C:\WINDOWS\SYSTEM32\Wldp.dll
0x00007ffcb4100000 - 0x00007ffcb41ae000 	C:\WINDOWS\System32\SHCORE.dll
0x00007ffcb2b40000 - 0x00007ffcb2b95000 	C:\WINDOWS\System32\shlwapi.dll
0x00007ffcb1f70000 - 0x00007ffcb1f8f000 	C:\WINDOWS\SYSTEM32\profapi.dll
0x0000000052200000 - 0x000000005220d000 	C:\Program Files\Java\jdk1.8.0_191\jre\bin\management.dll
0x0000000052230000 - 0x000000005224a000 	C:\Program Files\Java\jdk1.8.0_191\jre\bin\net.dll
0x00007ffcb17b0000 - 0x00007ffcb181a000 	C:\WINDOWS\system32\mswsock.dll
0x0000000052210000 - 0x0000000052221000 	C:\Program Files\Java\jdk1.8.0_191\jre\bin\nio.dll
0x00007ffc94370000 - 0x00007ffc94387000 	C:\WINDOWS\system32\napinsp.dll
0x00007ffc94350000 - 0x00007ffc9436b000 	C:\WINDOWS\system32\pnrpnsp.dll
0x00007ffcac6d0000 - 0x00007ffcac6e5000 	C:\WINDOWS\system32\wshbth.dll
0x00007ffcacfd0000 - 0x00007ffcacfed000 	C:\WINDOWS\system32\NLAapi.dll
0x00007ffcb1470000 - 0x00007ffcb14ab000 	C:\WINDOWS\SYSTEM32\IPHLPAPI.DLL
0x00007ffcb14c0000 - 0x00007ffcb158c000 	C:\WINDOWS\SYSTEM32\DNSAPI.dll
0x00007ffcb3780000 - 0x00007ffcb3788000 	C:\WINDOWS\System32\NSI.dll
0x00007ffc93f60000 - 0x00007ffc93f72000 	C:\WINDOWS\System32\winrnr.dll
0x00007ffca06f0000 - 0x00007ffca06fa000 	C:\Windows\System32\rasadhlp.dll
0x00007ffca09e0000 - 0x00007ffca0a5f000 	C:\WINDOWS\System32\fwpuclnt.dll
0x00007ffcb2030000 - 0x00007ffcb2057000 	C:\WINDOWS\System32\bcrypt.dll
0x00007ffcb1cf0000 - 0x00007ffcb1d08000 	C:\WINDOWS\SYSTEM32\CRYPTSP.dll
0x00007ffcb1100000 - 0x00007ffcb1134000 	C:\WINDOWS\system32\rsaenh.dll
0x00007ffcb1ef0000 - 0x00007ffcb1f1e000 	C:\WINDOWS\SYSTEM32\USERENV.dll
0x00007ffcb2290000 - 0x00007ffcb2310000 	C:\WINDOWS\System32\bcryptprimitives.dll
0x00007ffcb1930000 - 0x00007ffcb193c000 	C:\WINDOWS\SYSTEM32\CRYPTBASE.dll
0x00007ffca9cd0000 - 0x00007ffca9ce7000 	C:\WINDOWS\SYSTEM32\dhcpcsvc6.DLL
0x00007ffca97f0000 - 0x00007ffca980d000 	C:\WINDOWS\SYSTEM32\dhcpcsvc.DLL
0x00000000521d0000 - 0x00000000521f4000 	C:\Program Files\Java\jdk1.8.0_191\jre\bin\sunec.dll

VM Arguments:
java_command: C:\Users\Dave\AppData\Local\Temp\surefire4462617140140049899\surefirebooter1554648247559663559.jar C:\Users\Dave\AppData\Local\Temp\surefire4462617140140049899 2021-04-25T19-50-11_818-jvmRun1 surefire6981068816769220816tmp surefire_03477479396043519335tmp
java_class_path (initial): C:\Users\Dave\AppData\Local\Temp\surefire4462617140140049899\surefirebooter1554648247559663559.jar
Launcher Type: SUN_STANDARD

Environment Variables:
JAVA_HOME=C:/Program Files/Java/jdk1.8.0_191
PATH=C:\Users\Dave\bin;C:\Program Files\Git\mingw64\bin;C:\Program Files\Git\usr\local\bin;C:\Program Files\Git\usr\bin;C:\Program Files\Git\usr\bin;C:\Program Files\Git\mingw64\bin;C:\Program Files\Git\usr\bin;C:\Users\Dave\bin;C:\Python39\Scripts;C:\Python39;C:\Program Files\AdoptOpenJDK\jdk-11.0.10.9-hotspot\bin;C:\Program Files (x86)\Common Files\Oracle\Java\javapath;C:\WINDOWS\system32;C:\WINDOWS;C:\WINDOWS\System32\Wbem;C:\WINDOWS\System32\WindowsPowerShell\v1.0;C:\WINDOWS\System32\OpenSSH;C:\Python27;C:\Python27\Scripts;C:\Python27\Lib\site-packages;C:\ProgramData\chocolatey\bin;C:\Program Files\Git\cmd;C:\Program Files\Java\jdk1.8.0_191;C:\Program Files (x86)\GnuWin32\bin;C:\software\apache-maven-3.6.0\bin;C:\Program Files\JetBrains\IntelliJ IDEA Community Edition 2020.1\bin;C:\Users\Dave\bin;C:\Users\Dave\Downloads\helm-v3.5.2-windows-amd64\windows-amd64;D:\openshift setup\crc-windows-amd64\crc-windows-1.22.0-amd64;C:\ProgramData\chocolatey\bin;D:\node_js;C:\Program Files\Docker\Docker\resources\bin;C:\ProgramData\DockerDesktop\version-bin;C:\Users\Dave\AppData\Local\Microsoft\WindowsApps;C:\Program Files\Java\jdk1.8.0_191\bin;C:\Program Files\Oracle\VirtualBox;D:\Microsoft VS Code\bin;C:\Users\Dave\AppData\Roaming\npm;C:\Program Files\Git\usr\bin\vendor_perl;C:\Program Files\Git\usr\bin\core_perl
USERNAME=Dave
SHELL=C:\Program Files\Git\usr\bin\bash.exe
DISPLAY=needs-to-be-defined
OS=Windows_NT
PROCESSOR_IDENTIFIER=Intel64 Family 6 Model 158 Stepping 9, GenuineIntel



---------------  S Y S T E M  ---------------

OS: Windows 10.0 , 64 bit Build 19041 (10.0.19041.928)

CPU:total 8 (initial active 8) (4 cores per cpu, 2 threads per core) family 6 model 158 stepping 9, cmov, cx8, fxsr, mmx, sse, sse2, sse3, ssse3, sse4.1, sse4.2, popcnt, avx, avx2, aes, clmul, erms, 3dnowpref, lzcnt, ht, tsc, tscinvbit, bmi1, bmi2, adx

Memory: 4k page, physical 16380500k(1739808k free), swap 26620500k(5452k free)

vm_info: Java HotSpot(TM) 64-Bit Server VM (25.191-b12) for windows-amd64 JRE (1.8.0_191-b12), built on Oct  6 2018 09:29:03 by "java_re" with MS VC++ 10.0 (VS2010)

time: Sun Apr 25 19:50:24 2021
elapsed time: 12 seconds (0d 0h 0m 12s)

